{"uuid":"fd42c462-da17-4091-8430-c89d9d9eb263","historyId":"4256c3b6194887910f3f21f71ebdcf39","testCaseId":"[engine:junit-jupiter]/[class:com.tests.selenium.seleniumtests.MainPageTest]/[method:search()]","testCaseName":"search()","fullName":"com.tests.selenium.seleniumtests.MainPageTest.search","labels":[{"name":"junit.platform.uniqueid","value":"[engine:junit-jupiter]/[class:com.tests.selenium.seleniumtests.MainPageTest]/[method:search()]"},{"name":"host","value":"sebas_pc"},{"name":"thread","value":"18580@sebas_pc.main(3)"},{"name":"framework","value":"junit-platform"},{"name":"language","value":"java"},{"name":"package","value":"com.tests.selenium.seleniumtests.MainPageTest"},{"name":"testClass","value":"com.tests.selenium.seleniumtests.MainPageTest"},{"name":"testMethod","value":"search"},{"name":"suite","value":"com.tests.selenium.seleniumtests.MainPageTest"}],"links":[],"name":"search()","status":"failed","statusDetails":{"known":false,"muted":false,"flaky":false,"message":"Invalid element state [button.ch2-btn, button.ch2-close, [aria-label*='close'], [aria-label*='accept']]: element click intercepted: Element <a href=\"#\" data-action=\"dismiss\" class=\"ch2-dialog-close-btn\" aria-label=\"close\"></a> is not clickable at point (919, 200). Other element would receive the click: <div class=\"ch2-container ch2-theme-default  ch2-style-light ch2-ea ch2-block\">...</div>\r\nScreenshot: file:/D:/SeleniumTests/SeleniumTests/build/reports/tests/1764273497584.0.png\r\nPage source: file:/D:/SeleniumTests/SeleniumTests/build/reports/tests/1764273497584.0.html\r\nTimeout: 4 s.\r\nCaused by: ElementClickInterceptedException: element click intercepted: Element <a href=\"#\" data-action=\"dismiss\" class=\"ch2-dialog-close-btn\" aria-label=\"close\"></a> is not clickable at point (919, 200). Other element would receive the click: <div class=\"ch2-container ch2-theme-default  ch2-style-light ch2-ea ch2-block\">...</div>","trace":"Invalid element state [button.ch2-btn, button.ch2-close, [aria-label*='close'], [aria-label*='accept']]: element click intercepted: Element <a href=\"#\" data-action=\"dismiss\" class=\"ch2-dialog-close-btn\" aria-label=\"close\"></a> is not clickable at point (919, 200). Other element would receive the click: <div class=\"ch2-container ch2-theme-default  ch2-style-light ch2-ea ch2-block\">...</div>\r\nScreenshot: file:/D:/SeleniumTests/SeleniumTests/build/reports/tests/1764273497584.0.png\r\nPage source: file:/D:/SeleniumTests/SeleniumTests/build/reports/tests/1764273497584.0.html\r\nTimeout: 4 s.\r\nCaused by: ElementClickInterceptedException: element click intercepted: Element <a href=\"#\" data-action=\"dismiss\" class=\"ch2-dialog-close-btn\" aria-label=\"close\"></a> is not clickable at point (919, 200). Other element would receive the click: <div class=\"ch2-container ch2-theme-default  ch2-style-light ch2-ea ch2-block\">...</div>\r\n\tat com.codeborne.selenide.impl.ExceptionWrapper.wrap(ExceptionWrapper.java:19)\r\n\tat com.codeborne.selenide.impl.SelenideElementProxy.dispatchAndRetry(SelenideElementProxy.java:153)\r\n\tat com.codeborne.selenide.impl.SelenideElementProxy.invoke(SelenideElementProxy.java:83)\r\n\tat jdk.proxy1/jdk.proxy1.$Proxy11.click(Unknown Source)\r\n\tat com.tests.selenium.seleniumtests.MainPageTest.handleCookieConsent(MainPageTest.java:43)\r\n\tat com.tests.selenium.seleniumtests.MainPageTest.setUp(MainPageTest.java:27)\r\n\tat java.base/java.lang.reflect.Method.invoke(Method.java:565)\r\n\tat java.base/java.util.ArrayList.forEach(ArrayList.java:1604)\r\n\tat java.base/java.util.ArrayList.forEach(ArrayList.java:1604)\r\nCaused by: org.openqa.selenium.ElementClickInterceptedException: element click intercepted: Element <a href=\"#\" data-action=\"dismiss\" class=\"ch2-dialog-close-btn\" aria-label=\"close\"></a> is not clickable at point (919, 200). Other element would receive the click: <div class=\"ch2-container ch2-theme-default  ch2-style-light ch2-ea ch2-block\">...</div>\n  (Session info: chrome=142.0.7444.176)\nBuild info: version: '4.26.0', revision: '8ccf0219d7'\nSystem info: os.name: 'Windows 11', os.arch: 'amd64', os.version: '10.0', java.version: '25'\nDriver info: org.openqa.selenium.chrome.ChromeDriver\nCommand: [5f204703c17e24eed6fe919081e28d04, clickElement {id=f.DC8583E7A1EDBBA7EA0BA0847A3C7AC7.d.BD5611DF8EAA3331E21E38704869CA12.e.45}]\nCapabilities {acceptInsecureCerts: true, browserName: chrome, browserVersion: 142.0.7444.176, chrome: {chromedriverVersion: 142.0.7444.175 (302067f14a4..., userDataDir: C:\\Users\\sebas\\AppData\\Loca...}, fedcm:accounts: true, goog:chromeOptions: {debuggerAddress: localhost:58773}, goog:processID: 13400, networkConnectionEnabled: false, pageLoadStrategy: normal, platformName: windows, proxy: Proxy(), se:cdp: ws://localhost:58773/devtoo..., se:cdpVersion: 142.0.7444.176, setWindowRect: true, strictFileInteractability: false, timeouts: {implicit: 0, pageLoad: 300000, script: 30000}, unhandledPromptBehavior: accept, webauthn:extension:credBlob: true, webauthn:extension:largeBlob: true, webauthn:extension:minPinLength: true, webauthn:extension:prf: true, webauthn:virtualAuthenticators: true}\nElement: [[ChromeDriver: chrome on windows (5f204703c17e24eed6fe919081e28d04)] -> css selector: button.ch2-btn, button.ch2-close, [aria-label*='close'], [aria-label*='accept']]\nSession ID: 5f204703c17e24eed6fe919081e28d04\r\n\tat java.base/jdk.internal.reflect.DirectConstructorHandleAccessor.newInstance(DirectConstructorHandleAccessor.java:62)\r\n\tat java.base/java.lang.reflect.Constructor.newInstanceWithCaller(Constructor.java:499)\r\n\tat java.base/java.lang.reflect.Constructor.newInstance(Constructor.java:483)\r\n\tat org.openqa.selenium.remote.ErrorCodec.decode(ErrorCodec.java:167)\r\n\tat org.openqa.selenium.remote.codec.w3c.W3CHttpResponseCodec.decode(W3CHttpResponseCodec.java:138)\r\n\tat org.openqa.selenium.remote.codec.w3c.W3CHttpResponseCodec.decode(W3CHttpResponseCodec.java:50)\r\n\tat org.openqa.selenium.remote.HttpCommandExecutor.execute(HttpCommandExecutor.java:190)\r\n\tat org.openqa.selenium.remote.service.DriverCommandExecutor.invokeExecute(DriverCommandExecutor.java:216)\r\n\tat org.openqa.selenium.remote.service.DriverCommandExecutor.execute(DriverCommandExecutor.java:174)\r\n\tat org.openqa.selenium.remote.RemoteWebDriver.execute(RemoteWebDriver.java:545)\r\n\tat org.openqa.selenium.remote.RemoteWebElement.execute(RemoteWebElement.java:223)\r\n\tat org.openqa.selenium.remote.RemoteWebElement.click(RemoteWebElement.java:76)\r\n\tat com.codeborne.selenide.commands.Click.defaultClick(Click.java:94)\r\n\tat com.codeborne.selenide.commands.Click.doClick(Click.java:72)\r\n\tat com.codeborne.selenide.commands.Click.click(Click.java:48)\r\n\tat com.codeborne.selenide.commands.Click.execute(Click.java:28)\r\n\tat com.codeborne.selenide.FluentCommand.execute(FluentCommand.java:23)\r\n\tat com.codeborne.selenide.FluentCommand.execute(FluentCommand.java:19)\r\n\tat com.codeborne.selenide.commands.Commands.execute(Commands.java:159)\r\n\tat com.codeborne.selenide.impl.SelenideElementProxy.dispatchAndRetry(SelenideElementProxy.java:131)\r\n\t... 7 more\r\n"},"stage":"finished","description":"","steps":[{"name":"$(\"open\") https://www.jetbrains.com/","status":"passed","stage":"finished","steps":[{"name":"$(\"webdriver\") create()","status":"passed","stage":"finished","steps":[],"attachments":[],"parameters":[],"start":1764273487870,"stop":1764273488983}],"attachments":[],"parameters":[],"start":1764273487866,"stop":1764273490508},{"name":"$(\"div.ch2-container\") should be([visible, 5 s.])","status":"passed","stage":"finished","steps":[],"attachments":[],"parameters":[],"start":1764273492522,"stop":1764273492567},{"name":"$(\"button.ch2-btn, button.ch2-close, [aria-label*='close'], [aria-label*='accept']\") should be([visible, 5 s.])","status":"passed","stage":"finished","steps":[],"attachments":[],"parameters":[],"start":1764273492567,"stop":1764273492584},{"name":"$(\"button.ch2-btn, button.ch2-close, [aria-label*='close'], [aria-label*='accept']\") click()","status":"failed","statusDetails":{"known":false,"muted":false,"flaky":false,"message":"Invalid element state [button.ch2-btn, button.ch2-close, [aria-label*='close'], [aria-label*='accept']]: element click intercepted: Element <a href=\"#\" data-action=\"dismiss\" class=\"ch2-dialog-close-btn\" aria-label=\"close\"></a> is not clickable at point (919, 200). Other element would receive the click: <div class=\"ch2-container ch2-theme-default  ch2-style-light ch2-ea ch2-block\">...</div>\r\nScreenshot: file:/D:/SeleniumTests/SeleniumTests/build/reports/tests/1764273497584.0.png\r\nPage source: file:/D:/SeleniumTests/SeleniumTests/build/reports/tests/1764273497584.0.html\r\nTimeout: 4 s.\r\nCaused by: ElementClickInterceptedException: element click intercepted: Element <a href=\"#\" data-action=\"dismiss\" class=\"ch2-dialog-close-btn\" aria-label=\"close\"></a> is not clickable at point (919, 200). Other element would receive the click: <div class=\"ch2-container ch2-theme-default  ch2-style-light ch2-ea ch2-block\">...</div>","trace":"Invalid element state [button.ch2-btn, button.ch2-close, [aria-label*='close'], [aria-label*='accept']]: element click intercepted: Element <a href=\"#\" data-action=\"dismiss\" class=\"ch2-dialog-close-btn\" aria-label=\"close\"></a> is not clickable at point (919, 200). Other element would receive the click: <div class=\"ch2-container ch2-theme-default  ch2-style-light ch2-ea ch2-block\">...</div>\r\nScreenshot: file:/D:/SeleniumTests/SeleniumTests/build/reports/tests/1764273497584.0.png\r\nPage source: file:/D:/SeleniumTests/SeleniumTests/build/reports/tests/1764273497584.0.html\r\nTimeout: 4 s.\r\nCaused by: ElementClickInterceptedException: element click intercepted: Element <a href=\"#\" data-action=\"dismiss\" class=\"ch2-dialog-close-btn\" aria-label=\"close\"></a> is not clickable at point (919, 200). Other element would receive the click: <div class=\"ch2-container ch2-theme-default  ch2-style-light ch2-ea ch2-block\">...</div>\r\n\tat com.codeborne.selenide.impl.ExceptionWrapper.wrap(ExceptionWrapper.java:19)\r\n\tat com.codeborne.selenide.impl.SelenideElementProxy.dispatchAndRetry(SelenideElementProxy.java:153)\r\n\tat com.codeborne.selenide.impl.SelenideElementProxy.invoke(SelenideElementProxy.java:83)\r\n\tat jdk.proxy1/jdk.proxy1.$Proxy11.click(Unknown Source)\r\n\tat com.tests.selenium.seleniumtests.MainPageTest.handleCookieConsent(MainPageTest.java:43)\r\n\tat com.tests.selenium.seleniumtests.MainPageTest.setUp(MainPageTest.java:27)\r\n\tat java.base/jdk.internal.reflect.DirectMethodHandleAccessor.invoke(DirectMethodHandleAccessor.java:104)\r\n\tat java.base/java.lang.reflect.Method.invoke(Method.java:565)\r\n\tat org.junit.platform.commons.util.ReflectionUtils.invokeMethod(ReflectionUtils.java:767)\r\n\tat org.junit.jupiter.engine.execution.MethodInvocation.proceed(MethodInvocation.java:60)\r\n\tat org.junit.jupiter.engine.execution.InvocationInterceptorChain$ValidatingInvocation.proceed(InvocationInterceptorChain.java:131)\r\n\tat org.junit.jupiter.engine.extension.TimeoutExtension.intercept(TimeoutExtension.java:156)\r\n\tat org.junit.jupiter.engine.extension.TimeoutExtension.interceptLifecycleMethod(TimeoutExtension.java:128)\r\n\tat org.junit.jupiter.engine.extension.TimeoutExtension.interceptBeforeEachMethod(TimeoutExtension.java:78)\r\n\tat org.junit.jupiter.engine.execution.InterceptingExecutableInvoker$ReflectiveInterceptorCall.lambda$ofVoidMethod$0(InterceptingExecutableInvoker.java:103)\r\n\tat org.junit.jupiter.engine.execution.InterceptingExecutableInvoker.lambda$invoke$0(InterceptingExecutableInvoker.java:93)\r\n\tat org.junit.jupiter.engine.execution.InvocationInterceptorChain$InterceptedInvocation.proceed(InvocationInterceptorChain.java:106)\r\n\tat org.junit.jupiter.engine.execution.InvocationInterceptorChain.proceed(InvocationInterceptorChain.java:64)\r\n\tat org.junit.jupiter.engine.execution.InvocationInterceptorChain.chainAndInvoke(InvocationInterceptorChain.java:45)\r\n\tat org.junit.jupiter.engine.execution.InvocationInterceptorChain.invoke(InvocationInterceptorChain.java:37)\r\n\tat org.junit.jupiter.engine.execution.InterceptingExecutableInvoker.invoke(InterceptingExecutableInvoker.java:92)\r\n\tat org.junit.jupiter.engine.execution.InterceptingExecutableInvoker.invoke(InterceptingExecutableInvoker.java:86)\r\n\tat org.junit.jupiter.engine.descriptor.ClassBasedTestDescriptor.invokeMethodInExtensionContext(ClassBasedTestDescriptor.java:521)\r\n\tat org.junit.jupiter.engine.descriptor.ClassBasedTestDescriptor.lambda$synthesizeBeforeEachMethodAdapter$24(ClassBasedTestDescriptor.java:506)\r\n\tat org.junit.jupiter.engine.descriptor.TestMethodTestDescriptor.lambda$invokeBeforeEachMethods$4(TestMethodTestDescriptor.java:174)\r\n\tat org.junit.jupiter.engine.descriptor.TestMethodTestDescriptor.lambda$invokeBeforeMethodsOrCallbacksUntilExceptionOccurs$7(TestMethodTestDescriptor.java:202)\r\n\tat org.junit.platform.engine.support.hierarchical.ThrowableCollector.execute(ThrowableCollector.java:73)\r\n\tat org.junit.jupiter.engine.descriptor.TestMethodTestDescriptor.invokeBeforeMethodsOrCallbacksUntilExceptionOccurs(TestMethodTestDescriptor.java:202)\r\n\tat org.junit.jupiter.engine.descriptor.TestMethodTestDescriptor.invokeBeforeEachMethods(TestMethodTestDescriptor.java:171)\r\n\tat org.junit.jupiter.engine.descriptor.TestMethodTestDescriptor.execute(TestMethodTestDescriptor.java:134)\r\n\tat org.junit.jupiter.engine.descriptor.TestMethodTestDescriptor.execute(TestMethodTestDescriptor.java:68)\r\n\tat org.junit.platform.engine.support.hierarchical.NodeTestTask.lambda$executeRecursively$6(NodeTestTask.java:156)\r\n\tat org.junit.platform.engine.support.hierarchical.ThrowableCollector.execute(ThrowableCollector.java:73)\r\n\tat org.junit.platform.engine.support.hierarchical.NodeTestTask.lambda$executeRecursively$8(NodeTestTask.java:146)\r\n\tat org.junit.platform.engine.support.hierarchical.Node.around(Node.java:137)\r\n\tat org.junit.platform.engine.support.hierarchical.NodeTestTask.lambda$executeRecursively$9(NodeTestTask.java:144)\r\n\tat org.junit.platform.engine.support.hierarchical.ThrowableCollector.execute(ThrowableCollector.java:73)\r\n\tat org.junit.platform.engine.support.hierarchical.NodeTestTask.executeRecursively(NodeTestTask.java:143)\r\n\tat org.junit.platform.engine.support.hierarchical.NodeTestTask.execute(NodeTestTask.java:100)\r\n\tat java.base/java.util.ArrayList.forEach(ArrayList.java:1604)\r\n\tat org.junit.platform.engine.support.hierarchical.SameThreadHierarchicalTestExecutorService.invokeAll(SameThreadHierarchicalTestExecutorService.java:41)\r\n\tat org.junit.platform.engine.support.hierarchical.NodeTestTask.lambda$executeRecursively$6(NodeTestTask.java:160)\r\n\tat org.junit.platform.engine.support.hierarchical.ThrowableCollector.execute(ThrowableCollector.java:73)\r\n\tat org.junit.platform.engine.support.hierarchical.NodeTestTask.lambda$executeRecursively$8(NodeTestTask.java:146)\r\n\tat org.junit.platform.engine.support.hierarchical.Node.around(Node.java:137)\r\n\tat org.junit.platform.engine.support.hierarchical.NodeTestTask.lambda$executeRecursively$9(NodeTestTask.java:144)\r\n\tat org.junit.platform.engine.support.hierarchical.ThrowableCollector.execute(ThrowableCollector.java:73)\r\n\tat org.junit.platform.engine.support.hierarchical.NodeTestTask.executeRecursively(NodeTestTask.java:143)\r\n\tat org.junit.platform.engine.support.hierarchical.NodeTestTask.execute(NodeTestTask.java:100)\r\n\tat java.base/java.util.ArrayList.forEach(ArrayList.java:1604)\r\n\tat org.junit.platform.engine.support.hierarchical.SameThreadHierarchicalTestExecutorService.invokeAll(SameThreadHierarchicalTestExecutorService.java:41)\r\n\tat org.junit.platform.engine.support.hierarchical.NodeTestTask.lambda$executeRecursively$6(NodeTestTask.java:160)\r\n\tat org.junit.platform.engine.support.hierarchical.ThrowableCollector.execute(ThrowableCollector.java:73)\r\n\tat org.junit.platform.engine.support.hierarchical.NodeTestTask.lambda$executeRecursively$8(NodeTestTask.java:146)\r\n\tat org.junit.platform.engine.support.hierarchical.Node.around(Node.java:137)\r\n\tat org.junit.platform.engine.support.hierarchical.NodeTestTask.lambda$executeRecursively$9(NodeTestTask.java:144)\r\n\tat org.junit.platform.engine.support.hierarchical.ThrowableCollector.execute(ThrowableCollector.java:73)\r\n\tat org.junit.platform.engine.support.hierarchical.NodeTestTask.executeRecursively(NodeTestTask.java:143)\r\n\tat org.junit.platform.engine.support.hierarchical.NodeTestTask.execute(NodeTestTask.java:100)\r\n\tat org.junit.platform.engine.support.hierarchical.SameThreadHierarchicalTestExecutorService.submit(SameThreadHierarchicalTestExecutorService.java:35)\r\n\tat org.junit.platform.engine.support.hierarchical.HierarchicalTestExecutor.execute(HierarchicalTestExecutor.java:57)\r\n\tat org.junit.platform.engine.support.hierarchical.HierarchicalTestEngine.execute(HierarchicalTestEngine.java:54)\r\n\tat org.junit.platform.launcher.core.EngineExecutionOrchestrator.execute(EngineExecutionOrchestrator.java:198)\r\n\tat org.junit.platform.launcher.core.EngineExecutionOrchestrator.execute(EngineExecutionOrchestrator.java:169)\r\n\tat org.junit.platform.launcher.core.EngineExecutionOrchestrator.execute(EngineExecutionOrchestrator.java:93)\r\n\tat org.junit.platform.launcher.core.EngineExecutionOrchestrator.lambda$execute$0(EngineExecutionOrchestrator.java:58)\r\n\tat org.junit.platform.launcher.core.EngineExecutionOrchestrator.withInterceptedStreams(EngineExecutionOrchestrator.java:141)\r\n\tat org.junit.platform.launcher.core.EngineExecutionOrchestrator.execute(EngineExecutionOrchestrator.java:57)\r\n\tat org.junit.platform.launcher.core.DefaultLauncher.execute(DefaultLauncher.java:103)\r\n\tat org.junit.platform.launcher.core.DefaultLauncher.execute(DefaultLauncher.java:85)\r\n\tat org.junit.platform.launcher.core.DelegatingLauncher.execute(DelegatingLauncher.java:47)\r\n\tat org.junit.platform.launcher.core.SessionPerRequestLauncher.execute(SessionPerRequestLauncher.java:63)\r\n\tat com.intellij.junit5.JUnit5IdeaTestRunner.startRunnerWithArgs(JUnit5IdeaTestRunner.java:66)\r\n\tat com.intellij.rt.junit.IdeaTestRunner$Repeater$1.execute(IdeaTestRunner.java:38)\r\n\tat com.intellij.rt.execution.junit.TestsRepeater.repeat(TestsRepeater.java:11)\r\n\tat com.intellij.rt.junit.IdeaTestRunner$Repeater.startRunnerWithArgs(IdeaTestRunner.java:35)\r\n\tat com.intellij.rt.junit.JUnitStarter.prepareStreamsAndStart(JUnitStarter.java:237)\r\n\tat com.intellij.rt.junit.JUnitStarter.main(JUnitStarter.java:58)\r\nCaused by: org.openqa.selenium.ElementClickInterceptedException: element click intercepted: Element <a href=\"#\" data-action=\"dismiss\" class=\"ch2-dialog-close-btn\" aria-label=\"close\"></a> is not clickable at point (919, 200). Other element would receive the click: <div class=\"ch2-container ch2-theme-default  ch2-style-light ch2-ea ch2-block\">...</div>\n  (Session info: chrome=142.0.7444.176)\nBuild info: version: '4.26.0', revision: '8ccf0219d7'\nSystem info: os.name: 'Windows 11', os.arch: 'amd64', os.version: '10.0', java.version: '25'\nDriver info: org.openqa.selenium.chrome.ChromeDriver\nCommand: [5f204703c17e24eed6fe919081e28d04, clickElement {id=f.DC8583E7A1EDBBA7EA0BA0847A3C7AC7.d.BD5611DF8EAA3331E21E38704869CA12.e.45}]\nCapabilities {acceptInsecureCerts: true, browserName: chrome, browserVersion: 142.0.7444.176, chrome: {chromedriverVersion: 142.0.7444.175 (302067f14a4..., userDataDir: C:\\Users\\sebas\\AppData\\Loca...}, fedcm:accounts: true, goog:chromeOptions: {debuggerAddress: localhost:58773}, goog:processID: 13400, networkConnectionEnabled: false, pageLoadStrategy: normal, platformName: windows, proxy: Proxy(), se:cdp: ws://localhost:58773/devtoo..., se:cdpVersion: 142.0.7444.176, setWindowRect: true, strictFileInteractability: false, timeouts: {implicit: 0, pageLoad: 300000, script: 30000}, unhandledPromptBehavior: accept, webauthn:extension:credBlob: true, webauthn:extension:largeBlob: true, webauthn:extension:minPinLength: true, webauthn:extension:prf: true, webauthn:virtualAuthenticators: true}\nElement: [[ChromeDriver: chrome on windows (5f204703c17e24eed6fe919081e28d04)] -> css selector: button.ch2-btn, button.ch2-close, [aria-label*='close'], [aria-label*='accept']]\nSession ID: 5f204703c17e24eed6fe919081e28d04\r\n\tat java.base/jdk.internal.reflect.DirectConstructorHandleAccessor.newInstance(DirectConstructorHandleAccessor.java:62)\r\n\tat java.base/java.lang.reflect.Constructor.newInstanceWithCaller(Constructor.java:499)\r\n\tat java.base/java.lang.reflect.Constructor.newInstance(Constructor.java:483)\r\n\tat org.openqa.selenium.remote.ErrorCodec.decode(ErrorCodec.java:167)\r\n\tat org.openqa.selenium.remote.codec.w3c.W3CHttpResponseCodec.decode(W3CHttpResponseCodec.java:138)\r\n\tat org.openqa.selenium.remote.codec.w3c.W3CHttpResponseCodec.decode(W3CHttpResponseCodec.java:50)\r\n\tat org.openqa.selenium.remote.HttpCommandExecutor.execute(HttpCommandExecutor.java:190)\r\n\tat org.openqa.selenium.remote.service.DriverCommandExecutor.invokeExecute(DriverCommandExecutor.java:216)\r\n\tat org.openqa.selenium.remote.service.DriverCommandExecutor.execute(DriverCommandExecutor.java:174)\r\n\tat org.openqa.selenium.remote.RemoteWebDriver.execute(RemoteWebDriver.java:545)\r\n\tat org.openqa.selenium.remote.RemoteWebElement.execute(RemoteWebElement.java:223)\r\n\tat org.openqa.selenium.remote.RemoteWebElement.click(RemoteWebElement.java:76)\r\n\tat com.codeborne.selenide.commands.Click.defaultClick(Click.java:94)\r\n\tat com.codeborne.selenide.commands.Click.doClick(Click.java:72)\r\n\tat com.codeborne.selenide.commands.Click.click(Click.java:48)\r\n\tat com.codeborne.selenide.commands.Click.execute(Click.java:28)\r\n\tat com.codeborne.selenide.FluentCommand.execute(FluentCommand.java:23)\r\n\tat com.codeborne.selenide.FluentCommand.execute(FluentCommand.java:19)\r\n\tat com.codeborne.selenide.commands.Commands.execute(Commands.java:159)\r\n\tat com.codeborne.selenide.impl.SelenideElementProxy.dispatchAndRetry(SelenideElementProxy.java:131)\r\n\t... 76 more\r\n"},"stage":"finished","steps":[],"attachments":[{"name":"Screenshot","source":"d95ecd14-2255-478e-97ca-07298a1bb14f-attachment.png","type":"image/png"},{"name":"Page source","source":"a35f0f02-7409-4d1c-a719-04d7f7284f45-attachment.html","type":"text/html"}],"parameters":[],"start":1764273492585,"stop":1764273498012}],"attachments":[],"parameters":[],"start":1764273487860,"stop":1764273498027}