{"uid":"181e40553899229c","name":"navigationToAllTools()","fullName":"com.tests.selenium.seleniumtests.MainPageTest.navigationToAllTools","historyId":"4b692242286cd7ee1f8010256eb55934","time":{"start":1763741547386,"stop":1763741552579,"duration":5193},"description":"","status":"failed","statusMessage":"Element not found {a[data-test-marker='Developer Tools']}\r\nExpected: clickable: interactable and enabled\r\nScreenshot: file:/C:/Users/ppava/Documents/SeleniumTests/build/reports/tests/1763741552283.2.png\r\nPage source: file:/C:/Users/ppava/Documents/SeleniumTests/build/reports/tests/1763741552283.2.html\r\nTimeout: 4 s.\r\nCaused by: NoSuchElementException: no such element: Unable to locate element: {\"method\":\"css selector\",\"selector\":\"a[data-test-marker='Developer Tools']\"}","statusTrace":"Element not found {a[data-test-marker='Developer Tools']}\r\nExpected: clickable: interactable and enabled\r\nScreenshot: file:/C:/Users/ppava/Documents/SeleniumTests/build/reports/tests/1763741552283.2.png\r\nPage source: file:/C:/Users/ppava/Documents/SeleniumTests/build/reports/tests/1763741552283.2.html\r\nTimeout: 4 s.\r\nCaused by: NoSuchElementException: no such element: Unable to locate element: {\"method\":\"css selector\",\"selector\":\"a[data-test-marker='Developer Tools']\"}\r\n\tat com.codeborne.selenide.impl.WebElementSource.createElementNotFoundError(WebElementSource.java:68)\r\n\tat com.codeborne.selenide.impl.ElementFinder.createElementNotFoundError(ElementFinder.java:122)\r\n\tat com.codeborne.selenide.impl.WebElementSource.handleError(WebElementSource.java:119)\r\n\tat com.codeborne.selenide.impl.WebElementSource.checkConditionAndReturnElement(WebElementSource.java:102)\r\n\tat com.codeborne.selenide.impl.WebElementSource.findAndAssertElementIsClickable(WebElementSource.java:148)\r\n\tat com.codeborne.selenide.commands.Click.findElement(Click.java:42)\r\n\tat com.codeborne.selenide.commands.Click.execute(Click.java:28)\r\n\tat com.codeborne.selenide.FluentCommand.execute(FluentCommand.java:27)\r\n\tat com.codeborne.selenide.FluentCommand.execute(FluentCommand.java:19)\r\n\tat com.codeborne.selenide.commands.Commands.execute(Commands.java:160)\r\n\tat com.codeborne.selenide.impl.SelenideElementProxy.dispatchAndRetry(SelenideElementProxy.java:131)\r\n\tat com.codeborne.selenide.impl.SelenideElementProxy.invoke(SelenideElementProxy.java:83)\r\n\tat jdk.proxy2/jdk.proxy2.$Proxy11.click(Unknown Source)\r\n\tat com.tests.selenium.seleniumtests.MainPageTest.navigationToAllTools(MainPageTest.java:43)\r\n\tat java.base/java.lang.reflect.Method.invoke(Method.java:565)\r\n\tat java.base/java.util.ArrayList.forEach(ArrayList.java:1604)\r\n\tat java.base/java.util.ArrayList.forEach(ArrayList.java:1604)\r\nCaused by: org.openqa.selenium.NoSuchElementException: no such element: Unable to locate element: {\"method\":\"css selector\",\"selector\":\"a[data-test-marker='Developer Tools']\"}\n  (Session info: chrome=142.0.7444.163)\nFor documentation on this error, please visit: https://www.selenium.dev/documentation/webdriver/troubleshooting/errors#no-such-element-exception\nBuild info: version: '4.28.1', revision: '73f5ad48a2'\nSystem info: os.name: 'Windows 11', os.arch: 'amd64', os.version: '10.0', java.version: '25'\nDriver info: org.openqa.selenium.chrome.ChromeDriver\nCommand: [1bf726d789bc175775929ae626a0eb8a, findElement {using=css selector, value=a[data-test-marker='Developer Tools']}]\nCapabilities {acceptInsecureCerts: true, browserName: chrome, browserVersion: 142.0.7444.163, chrome: {chromedriverVersion: 142.0.7444.175 (302067f14a4..., userDataDir: C:\\Users\\ppava\\AppData\\Loca...}, fedcm:accounts: true, goog:chromeOptions: {debuggerAddress: localhost:57394}, goog:processID: 17552, networkConnectionEnabled: false, pageLoadStrategy: normal, platformName: windows, proxy: Proxy(), se:cdp: ws://localhost:57394/devtoo..., se:cdpVersion: 142.0.7444.163, setWindowRect: true, strictFileInteractability: false, timeouts: {implicit: 0, pageLoad: 300000, script: 30000}, unhandledPromptBehavior: accept, webauthn:extension:credBlob: true, webauthn:extension:largeBlob: true, webauthn:extension:minPinLength: true, webauthn:extension:prf: true, webauthn:virtualAuthenticators: true}\nSession ID: 1bf726d789bc175775929ae626a0eb8a\r\n\tat java.base/jdk.internal.reflect.DirectConstructorHandleAccessor.newInstance(DirectConstructorHandleAccessor.java:62)\r\n\tat java.base/java.lang.reflect.Constructor.newInstanceWithCaller(Constructor.java:499)\r\n\tat java.base/java.lang.reflect.Constructor.newInstance(Constructor.java:483)\r\n\tat org.openqa.selenium.remote.ErrorCodec.decode(ErrorCodec.java:167)\r\n\tat org.openqa.selenium.remote.codec.w3c.W3CHttpResponseCodec.decode(W3CHttpResponseCodec.java:138)\r\n\tat org.openqa.selenium.remote.codec.w3c.W3CHttpResponseCodec.decode(W3CHttpResponseCodec.java:50)\r\n\tat org.openqa.selenium.remote.HttpCommandExecutor.execute(HttpCommandExecutor.java:215)\r\n\tat org.openqa.selenium.remote.service.DriverCommandExecutor.invokeExecute(DriverCommandExecutor.java:216)\r\n\tat org.openqa.selenium.remote.service.DriverCommandExecutor.execute(DriverCommandExecutor.java:174)\r\n\tat org.openqa.selenium.remote.RemoteWebDriver.execute(RemoteWebDriver.java:545)\r\n\tat org.openqa.selenium.remote.ElementLocation$ElementFinder$2.findElement(ElementLocation.java:165)\r\n\tat org.openqa.selenium.remote.ElementLocation.findElement(ElementLocation.java:59)\r\n\tat org.openqa.selenium.remote.RemoteWebDriver.findElement(RemoteWebDriver.java:368)\r\n\tat org.openqa.selenium.remote.RemoteWebDriver.findElement(RemoteWebDriver.java:362)\r\n\tat com.codeborne.selenide.impl.WebElementSelector.findElement(WebElementSelector.java:64)\r\n\tat com.codeborne.selenide.impl.WebElementSelector.findElement(WebElementSelector.java:39)\r\n\tat com.codeborne.selenide.impl.WebElementSelector.findElement(WebElementSelector.java:30)\r\n\tat com.codeborne.selenide.impl.ElementFinder.getWebElement(ElementFinder.java:106)\r\n\tat com.codeborne.selenide.impl.WebElementSource.checkConditionAndReturnElement(WebElementSource.java:91)\r\n\t... 13 more\r\n","flaky":false,"newFailed":false,"newBroken":false,"newPassed":false,"retriesCount":8,"retriesStatusChange":false,"beforeStages":[],"afterStages":[],"labels":[{"name":"junit.platform.uniqueid","value":"[engine:junit-jupiter]/[class:com.tests.selenium.seleniumtests.MainPageTest]/[method:navigationToAllTools()]"},{"name":"host","value":"Desktop-Mega"},{"name":"thread","value":"24528@Desktop-Mega.main(3)"},{"name":"framework","value":"junit-platform"},{"name":"language","value":"java"},{"name":"package","value":"com.tests.selenium.seleniumtests.MainPageTest"},{"name":"testClass","value":"com.tests.selenium.seleniumtests.MainPageTest"},{"name":"testMethod","value":"navigationToAllTools"},{"name":"suite","value":"com.tests.selenium.seleniumtests.MainPageTest"},{"name":"resultFormat","value":"allure2"}],"parameters":[],"links":[],"hidden":false,"retry":false,"extra":{"severity":"normal","retries":[{"uid":"723d28003427ead8","status":"failed","statusDetails":"Element not found {a[data-test-marker='Developer Tools']}\r\nExpected: clickable: interactable and enabled\r\nScreenshot: file:/C:/Users/ppava/Documents/SeleniumTests/build/reports/tests/1763740860228.2.png\r\nPage source: file:/C:/Users/ppava/Documents/SeleniumTests/build/reports/tests/1763740860228.2.html\r\nTimeout: 10 s.\r\nCaused by: NoSuchElementException: no such element: Unable to locate element: {\"method\":\"css selector\",\"selector\":\"a[data-test-marker='Developer Tools']\"}","time":{"start":1763740849518,"stop":1763740860383,"duration":10865}},{"uid":"1b1a1412e05ebcfe","status":"failed","statusDetails":"Element not found {[data-test='site-header-products-menu']}\r\nExpected: visible\r\nScreenshot: file:/C:/Users/ppava/Documents/SeleniumTests/build/reports/tests/1763740602832.2.png\r\nPage source: file:/C:/Users/ppava/Documents/SeleniumTests/build/reports/tests/1763740602832.2.html\r\nTimeout: 10 s.\r\nCaused by: NoSuchElementException: no such element: Unable to locate element: {\"method\":\"css selector\",\"selector\":\"[data-test='site-header-products-menu']\"}","time":{"start":1763740592176,"stop":1763740603024,"duration":10848}},{"uid":"ee6d97b8d7d55fe6","status":"failed","statusDetails":"Element not found {[data-test='site-header-products-menu']}\r\nExpected: visible\r\nScreenshot: file:/C:/Users/ppava/Documents/SeleniumTests/build/reports/tests/1763740368002.2.png\r\nPage source: file:/C:/Users/ppava/Documents/SeleniumTests/build/reports/tests/1763740368002.2.html\r\nTimeout: 10 s.\r\nCaused by: NoSuchElementException: no such element: Unable to locate element: {\"method\":\"css selector\",\"selector\":\"[data-test='site-header-products-menu']\"}","time":{"start":1763740357094,"stop":1763740368159,"duration":11065}},{"uid":"da294b8833c59b3b","status":"failed","statusDetails":"Element not found {[data-test='site-header-products-menu']}\r\nExpected: visible\r\nScreenshot: file:/C:/Users/ppava/Documents/SeleniumTests/build/reports/tests/1763740143206.2.png\r\nPage source: file:/C:/Users/ppava/Documents/SeleniumTests/build/reports/tests/1763740143206.2.html\r\nTimeout: 10 s.\r\nCaused by: NoSuchElementException: no such element: Unable to locate element: {\"method\":\"css selector\",\"selector\":\"[data-test='site-header-products-menu']\"}","time":{"start":1763740132528,"stop":1763740143477,"duration":10949}},{"uid":"e6df270f59d4d0be","status":"failed","statusDetails":"Element not found {[data-test='site-header-products-menu']}\r\nExpected: visible\r\nScreenshot: file:/C:/Users/ppava/Documents/SeleniumTests/build/reports/tests/1763739521841.2.png\r\nPage source: file:/C:/Users/ppava/Documents/SeleniumTests/build/reports/tests/1763739521841.2.html\r\nTimeout: 10 s.\r\nCaused by: NoSuchElementException: no such element: Unable to locate element: {\"method\":\"css selector\",\"selector\":\"[data-test='site-header-products-menu']\"}","time":{"start":1763739511091,"stop":1763739522168,"duration":11077}},{"uid":"7410f498e2d17b06","status":"failed","statusDetails":"Element not found {By.xpath: //a[@data-test='products-menu-main-link' and contains(text(), 'Developer Tools')]}\r\nExpected: clickable: interactable and enabled\r\nScreenshot: file:/C:/Users/ppava/Documents/SeleniumTests/build/reports/tests/1763739372387.2.png\r\nPage source: file:/C:/Users/ppava/Documents/SeleniumTests/build/reports/tests/1763739372387.2.html\r\nTimeout: 4 s.\r\nCaused by: NoSuchElementException: no such element: Unable to locate element: {\"method\":\"xpath\",\"selector\":\"//a[@data-test='products-menu-main-link' and contains(text(), 'Developer Tools')]\"}","time":{"start":1763739367345,"stop":1763739372710,"duration":5365}},{"uid":"db675b1f62eb7e9d","status":"failed","statusDetails":"Element not found {By.xpath: //a[@data-test='products-menu-main-link' and contains(text(), 'Developer Tools')]}\r\nExpected: clickable: interactable and enabled\r\nScreenshot: file:/C:/Users/ppava/Documents/SeleniumTests/build/reports/tests/1763739322078.2.png\r\nPage source: file:/C:/Users/ppava/Documents/SeleniumTests/build/reports/tests/1763739322078.2.html\r\nTimeout: 4 s.\r\nCaused by: NoSuchElementException: no such element: Unable to locate element: {\"method\":\"xpath\",\"selector\":\"//a[@data-test='products-menu-main-link' and contains(text(), 'Developer Tools')]\"}","time":{"start":1763739317211,"stop":1763739322435,"duration":5224}},{"uid":"4ac931302cf51173","status":"failed","statusDetails":"Invalid element state [By.xpath: //*[@data-test='suggestion-action']]: element click intercepted: Element <a data-test=\"suggestion-action\" type=\"button\" href=\"/products/\" class=\"_main_1c2d3ux_62 _modeRock_1c2d3ux_36 _sizeS_1c2d3ux_23 _alignIconLeft_1c2d3ux_49 _light_1c2d3ux_6\">...</a> is not clickable at point (1009, 594). Other element would receive the click: <div class=\"ch2-container ch2-theme-default  ch2-style-light ch2-ea ch2-block\">...</div>\r\nScreenshot: file:/C:/Users/ppava/Documents/SeleniumTests/build/reports/tests/1763738627633.2.png\r\nPage source: file:/C:/Users/ppava/Documents/SeleniumTests/build/reports/tests/1763738627633.2.html\r\nTimeout: 4 s.\r\nCaused by: ElementClickInterceptedException: element click intercepted: Element <a data-test=\"suggestion-action\" type=\"button\" href=\"/products/\" class=\"_main_1c2d3ux_62 _modeRock_1c2d3ux_36 _sizeS_1c2d3ux_23 _alignIconLeft_1c2d3ux_49 _light_1c2d3ux_6\">...</a> is not clickable at point (1009, 594). Other element would receive the click: <div class=\"ch2-container ch2-theme-default  ch2-style-light ch2-ea ch2-block\">...</div>","time":{"start":1763738622953,"stop":1763738627949,"duration":4996}}],"categories":[{"name":"Product defects","matchedStatuses":[]}],"tags":[]},"source":"181e40553899229c.json","parameterValues":[]}