{"uid":"201b41e21177f999","name":"testDataInputComponent()","fullName":"sampler.datainput.test.DataInputTest.testDataInputComponent","historyId":"858327b2bdf36c28831ae30d551315f7","time":{"start":1764346376960,"stop":1764346381817,"duration":4857},"description":"","status":"passed","flaky":false,"newFailed":false,"newBroken":false,"newPassed":false,"retriesCount":12,"retriesStatusChange":true,"beforeStages":[{"name":"setUpAll","time":{"start":1764346376831,"stop":1764346376871,"duration":40},"status":"passed","steps":[],"attachments":[],"parameters":[],"hasContent":false,"stepsCount":0,"attachmentStep":false,"attachmentsCount":0,"shouldDisplayMessage":false},{"name":"setUp","time":{"start":1764346376969,"stop":1764346381221,"duration":4252},"status":"passed","steps":[{"name":"$(\"open\") https://demo.vaadin.com/sampler/#ui/datainput/textfield","time":{"start":1764346377154,"stop":1764346380678,"duration":3524},"status":"passed","steps":[{"name":"$(\"webdriver\") create()","time":{"start":1764346377165,"stop":1764346379643,"duration":2478},"status":"passed","steps":[],"attachments":[],"parameters":[],"hasContent":false,"stepsCount":0,"attachmentStep":false,"attachmentsCount":0,"shouldDisplayMessage":false}],"attachments":[],"parameters":[],"hasContent":true,"stepsCount":1,"attachmentStep":false,"attachmentsCount":0,"shouldDisplayMessage":false},{"name":"$(\"input\") should be(visible)","time":{"start":1764346380773,"stop":1764346381221,"duration":448},"status":"passed","steps":[],"attachments":[],"parameters":[],"hasContent":false,"stepsCount":0,"attachmentStep":false,"attachmentsCount":0,"shouldDisplayMessage":false}],"attachments":[],"parameters":[],"hasContent":true,"stepsCount":3,"attachmentStep":false,"attachmentsCount":0,"shouldDisplayMessage":false}],"testStage":{"description":"","status":"passed","steps":[{"name":"$(\"input\") set value(Selenide Test)","time":{"start":1764346381223,"stop":1764346381446,"duration":223},"status":"passed","steps":[],"attachments":[],"parameters":[],"hasContent":false,"stepsCount":0,"attachmentStep":false,"attachmentsCount":0,"shouldDisplayMessage":false},{"name":"$(\"input\") get value()","time":{"start":1764346381446,"stop":1764346381515,"duration":69},"status":"passed","steps":[],"attachments":[],"parameters":[],"hasContent":false,"stepsCount":0,"attachmentStep":false,"attachmentsCount":0,"shouldDisplayMessage":false}],"attachments":[],"parameters":[],"hasContent":true,"stepsCount":2,"attachmentStep":false,"attachmentsCount":0,"shouldDisplayMessage":false},"afterStages":[{"name":"tearDown","time":{"start":1764346381529,"stop":1764346381797,"duration":268},"status":"passed","steps":[{"name":"$(\"webdriver\") close()","time":{"start":1764346381530,"stop":1764346381797,"duration":267},"status":"passed","steps":[],"attachments":[],"parameters":[],"hasContent":false,"stepsCount":0,"attachmentStep":false,"attachmentsCount":0,"shouldDisplayMessage":false}],"attachments":[],"parameters":[],"hasContent":true,"stepsCount":1,"attachmentStep":false,"attachmentsCount":0,"shouldDisplayMessage":false}],"labels":[{"name":"junit.platform.uniqueid","value":"[engine:junit-jupiter]/[class:sampler.datainput.test.DataInputTest]/[method:testDataInputComponent()]"},{"name":"host","value":"Desktop-Mega"},{"name":"thread","value":"11860@Desktop-Mega.main(1)"},{"name":"framework","value":"junit-platform"},{"name":"language","value":"java"},{"name":"package","value":"sampler.datainput.test.DataInputTest"},{"name":"testClass","value":"sampler.datainput.test.DataInputTest"},{"name":"testMethod","value":"testDataInputComponent"},{"name":"suite","value":"sampler.datainput.test.DataInputTest"},{"name":"resultFormat","value":"allure2"}],"parameters":[],"links":[],"hidden":false,"retry":false,"extra":{"severity":"normal","retries":[{"uid":"c6a7441cda115f72","status":"passed","time":{"start":1764346234376,"stop":1764346239586,"duration":5210}},{"uid":"4555f6c7be1f6128","status":"failed","statusDetails":"Element should be visible {input}\r\nElement: '<input aria-labelledby=\"gwt-uid-10\" class=\"v-textfield v-widget\" id=\"gwt-uid-11\" maxlength=\"10\" tabindex=\"0\" type=\"password\" displayed:false></input>'\r\nActual value: hidden\r\nScreenshot: file:/C:/Users/ppava/Documents/SeleniumTests/build/reports/tests/1764346216409.0.png\r\nPage source: file:/C:/Users/ppava/Documents/SeleniumTests/build/reports/tests/1764346216409.0.html\r\nTimeout: 15 s.","time":{"start":1764346197626,"stop":1764346217206,"duration":19580}},{"uid":"be505f89d59a3d26","status":"passed","time":{"start":1764346158037,"stop":1764346163172,"duration":5135}},{"uid":"ecc9872a2626b0d2","status":"passed","time":{"start":1764345969450,"stop":1764345974600,"duration":5150}},{"uid":"9f7361b724eb9e9f","status":"passed","time":{"start":1764345940510,"stop":1764345946054,"duration":5544}},{"uid":"e3053d1add459e2a","status":"broken","statusDetails":"invalid selector: An invalid or illegal selector was specified\n  (Session info: chrome=142.0.7444.176)\nFor documentation on this error, please visit: https://www.selenium.dev/documentation/webdriver/troubleshooting/errors#invalid-selector-exception\nBuild info: version: '4.26.0', revision: '8ccf0219d7'\nSystem info: os.name: 'Windows 11', os.arch: 'amd64', os.version: '10.0', java.version: '17.0.16'\nDriver info: org.openqa.selenium.chrome.ChromeDriver\nCommand: [6e545d6ba3b7958afce7bc28762b23c7, findElement {using=css selector, value=div.gwt-HTML.samplelink span.title:contains('Data input')}]\nCapabilities {acceptInsecureCerts: true, browserName: chrome, browserVersion: 142.0.7444.176, chrome: {chromedriverVersion: 142.0.7444.175 (302067f14a4..., userDataDir: C:\\Users\\ppava\\AppData\\Loca...}, fedcm:accounts: true, goog:chromeOptions: {debuggerAddress: localhost:62191}, goog:processID: 20756, networkConnectionEnabled: false, pageLoadStrategy: normal, platformName: windows, proxy: Proxy(), se:cdp: ws://localhost:62191/devtoo..., se:cdpVersion: 142.0.7444.176, setWindowRect: true, strictFileInteractability: false, timeouts: {implicit: 0, pageLoad: 300000, script: 30000}, unhandledPromptBehavior: accept, webauthn:extension:credBlob: true, webauthn:extension:largeBlob: true, webauthn:extension:minPinLength: true, webauthn:extension:prf: true, webauthn:virtualAuthenticators: true}\nSession ID: 6e545d6ba3b7958afce7bc28762b23c7","time":{"start":1764345832296,"stop":1764345836883,"duration":4587}},{"uid":"b74463a40f2a0384","status":"broken","statusDetails":"invalid selector: An invalid or illegal selector was specified\n  (Session info: chrome=142.0.7444.176)\nFor documentation on this error, please visit: https://www.selenium.dev/documentation/webdriver/troubleshooting/errors#invalid-selector-exception\nBuild info: version: '4.26.0', revision: '8ccf0219d7'\nSystem info: os.name: 'Windows 11', os.arch: 'amd64', os.version: '10.0', java.version: '17.0.16'\nDriver info: org.openqa.selenium.chrome.ChromeDriver\nCommand: [dc66793f53d0b6b83ff4d650e8bb14fd, findElement {value=div.gwt-HTML.samplelink span.title:contains('Data input'), using=css selector}]\nCapabilities {acceptInsecureCerts: true, browserName: chrome, browserVersion: 142.0.7444.176, chrome: {chromedriverVersion: 142.0.7444.175 (302067f14a4..., userDataDir: C:\\Users\\ppava\\AppData\\Loca...}, fedcm:accounts: true, goog:chromeOptions: {debuggerAddress: localhost:58017}, goog:processID: 3588, networkConnectionEnabled: false, pageLoadStrategy: normal, platformName: windows, proxy: Proxy(), se:cdp: ws://localhost:58017/devtoo..., se:cdpVersion: 142.0.7444.176, setWindowRect: true, strictFileInteractability: false, timeouts: {implicit: 0, pageLoad: 300000, script: 30000}, unhandledPromptBehavior: accept, webauthn:extension:credBlob: true, webauthn:extension:largeBlob: true, webauthn:extension:minPinLength: true, webauthn:extension:prf: true, webauthn:virtualAuthenticators: true}\nSession ID: dc66793f53d0b6b83ff4d650e8bb14fd","time":{"start":1764345719294,"stop":1764345724076,"duration":4782}},{"uid":"16d4db35dad9e9da","status":"broken","statusDetails":"invalid selector: An invalid or illegal selector was specified\n  (Session info: chrome=142.0.7444.176)\nFor documentation on this error, please visit: https://www.selenium.dev/documentation/webdriver/troubleshooting/errors#invalid-selector-exception\nBuild info: version: '4.26.0', revision: '8ccf0219d7'\nSystem info: os.name: 'Windows 11', os.arch: 'amd64', os.version: '10.0', java.version: '17.0.16'\nDriver info: org.openqa.selenium.chrome.ChromeDriver\nCommand: [f1520a7a85ea50e1e005e497fb8bd195, findElement {value=div.gwt-HTML.samplelink span.title:contains('Data input'), using=css selector}]\nCapabilities {acceptInsecureCerts: true, browserName: chrome, browserVersion: 142.0.7444.176, chrome: {chromedriverVersion: 142.0.7444.175 (302067f14a4..., userDataDir: C:\\Users\\ppava\\AppData\\Loca...}, fedcm:accounts: true, goog:chromeOptions: {debuggerAddress: localhost:52887}, goog:processID: 21124, networkConnectionEnabled: false, pageLoadStrategy: normal, platformName: windows, proxy: Proxy(), se:cdp: ws://localhost:52887/devtoo..., se:cdpVersion: 142.0.7444.176, setWindowRect: true, strictFileInteractability: false, timeouts: {implicit: 0, pageLoad: 300000, script: 30000}, unhandledPromptBehavior: accept, webauthn:extension:credBlob: true, webauthn:extension:largeBlob: true, webauthn:extension:minPinLength: true, webauthn:extension:prf: true, webauthn:virtualAuthenticators: true}\nSession ID: f1520a7a85ea50e1e005e497fb8bd195","time":{"start":1764345576369,"stop":1764345582672,"duration":6303}},{"uid":"256c4835f4accd2d","status":"failed","statusDetails":"Element not found {a[href='#DataInput']}\r\nExpected: visible\r\nScreenshot: file:/C:/Users/ppava/Documents/SeleniumTests/build/reports/tests/1764345321860.0.png\r\nPage source: file:/C:/Users/ppava/Documents/SeleniumTests/build/reports/tests/1764345321860.0.html\r\nTimeout: 10 s.\r\nCaused by: NoSuchElementException: no such element: Unable to locate element: {\"method\":\"css selector\",\"selector\":\"a[href='#DataInput']\"}","time":{"start":1764345307210,"stop":1764345322623,"duration":15413}},{"uid":"6075363a52eb156","status":"broken","statusDetails":"javascript error: Cannot read properties of null (reading 'shadowRoot')\n  (Session info: chrome=142.0.7444.176)\nBuild info: version: '4.26.0', revision: '8ccf0219d7'\nSystem info: os.name: 'Windows 11', os.arch: 'amd64', os.version: '10.0', java.version: '17.0.16'\nDriver info: org.openqa.selenium.chrome.ChromeDriver\nCommand: [10627899b56486167512ba6f9f086ad6, executeScript {script=return document.querySelector('vaadin-text-field').shadowRoot.querySelector('input');, args=[]}]\nCapabilities {acceptInsecureCerts: true, browserName: chrome, browserVersion: 142.0.7444.176, chrome: {chromedriverVersion: 142.0.7444.175 (302067f14a4..., userDataDir: C:\\Users\\ppava\\AppData\\Loca...}, fedcm:accounts: true, goog:chromeOptions: {debuggerAddress: localhost:51314}, goog:processID: 9780, networkConnectionEnabled: false, pageLoadStrategy: normal, platformName: windows, proxy: Proxy(), se:cdp: ws://localhost:51314/devtoo..., se:cdpVersion: 142.0.7444.176, setWindowRect: true, strictFileInteractability: false, timeouts: {implicit: 0, pageLoad: 300000, script: 30000}, unhandledPromptBehavior: accept, webauthn:extension:credBlob: true, webauthn:extension:largeBlob: true, webauthn:extension:minPinLength: true, webauthn:extension:prf: true, webauthn:virtualAuthenticators: true}\nSession ID: 10627899b56486167512ba6f9f086ad6","time":{"start":1764345063790,"stop":1764345067815,"duration":4025}},{"uid":"2160c43609868407","status":"failed","statusDetails":"Element not found {input[type='search']}\r\nExpected: editable\r\nScreenshot: file:/C:/Users/ppava/Documents/SeleniumTests/build/reports/tests/1764345001694.0.png\r\nPage source: file:/C:/Users/ppava/Documents/SeleniumTests/build/reports/tests/1764345001694.0.html\r\nTimeout: 4 s.\r\nCaused by: NoSuchElementException: no such element: Unable to locate element: {\"method\":\"css selector\",\"selector\":\"input[type='search']\"}","time":{"start":1764344993882,"stop":1764345002367,"duration":8485}},{"uid":"b531e55435f46fe2","status":"failed","statusDetails":"Element not found {input[type='search']}\r\nExpected: editable\r\nScreenshot: file:/C:/Users/ppava/Documents/SeleniumTests/build/reports/tests/1764344904409.0.png\r\nPage source: file:/C:/Users/ppava/Documents/SeleniumTests/build/reports/tests/1764344904409.0.html\r\nTimeout: 4 s.\r\nCaused by: NoSuchElementException: no such element: Unable to locate element: {\"method\":\"css selector\",\"selector\":\"input[type='search']\"}","time":{"start":1764344896802,"stop":1764344905500,"duration":8698}}],"categories":[],"tags":[]},"source":"201b41e21177f999.json","parameterValues":[]}