{"4b692242286cd7ee1f8010256eb55934":{"statistic":{"failed":1,"broken":0,"skipped":0,"passed":0,"unknown":0,"total":1},"items":[{"uid":"181e40553899229c","status":"failed","statusDetails":"Element not found {a[data-test-marker='Developer Tools']}\r\nExpected: clickable: interactable and enabled\r\nScreenshot: file:/C:/Users/ppava/Documents/SeleniumTests/build/reports/tests/1763741552283.2.png\r\nPage source: file:/C:/Users/ppava/Documents/SeleniumTests/build/reports/tests/1763741552283.2.html\r\nTimeout: 4 s.\r\nCaused by: NoSuchElementException: no such element: Unable to locate element: {\"method\":\"css selector\",\"selector\":\"a[data-test-marker='Developer Tools']\"}","time":{"start":1763741547386,"stop":1763741552579,"duration":5193}}]},"9bf286ae621914aacb642ecc69a5f98c":{"statistic":{"failed":0,"broken":1,"skipped":0,"passed":0,"unknown":0,"total":1},"items":[{"uid":"7ecb7573346c694d","status":"broken","statusDetails":"No webdriver is bound to current thread: 3. You need to call open(url) first.","time":{"start":1764342541276,"stop":1764342541685,"duration":409}}]},"4256c3b6194887910f3f21f71ebdcf39":{"statistic":{"failed":1,"broken":0,"skipped":0,"passed":0,"unknown":0,"total":1},"items":[{"uid":"d3364c4e66920fb","status":"failed","statusDetails":"Invalid element state [button[data-test='site-header-search-action']]: element click intercepted: Element <button data-test=\"site-header-search-action\" aria-label=\"Open search\" type=\"button\" class=\"_main_1c2d3ux_62 _modeClear_1c2d3ux_45 _sizeS_1c2d3ux_23 _alignIconLeft_1c2d3ux_49 _dark_1c2d3ux_9 _withoutText_1c2d3ux_217 _siteHeaderAction_167zigi_1\">...</button> is not clickable at point (964, 36). Other element would receive the click: <div class=\"ch2-container ch2-theme-default  ch2-style-light ch2-ea ch2-block\">...</div>\r\nScreenshot: file:/C:/Users/ppava/Documents/SeleniumTests/build/reports/tests/1763742693295.0.png\r\nPage source: file:/C:/Users/ppava/Documents/SeleniumTests/build/reports/tests/1763742693295.0.html\r\nTimeout: 4 s.\r\nCaused by: ElementClickInterceptedException: element click intercepted: Element <button data-test=\"site-header-search-action\" aria-label=\"Open search\" type=\"button\" class=\"_main_1c2d3ux_62 _modeClear_1c2d3ux_45 _sizeS_1c2d3ux_23 _alignIconLeft_1c2d3ux_49 _dark_1c2d3ux_9 _withoutText_1c2d3ux_217 _siteHeaderAction_167zigi_1\">...</button> is not clickable at point (964, 36). Other element would receive the click: <div class=\"ch2-container ch2-theme-default  ch2-style-light ch2-ea ch2-block\">...</div>","time":{"start":1763742686266,"stop":1763742693825,"duration":7559}}]},"ee7eabf8291bdb0df7c8ed0484b42529":{"statistic":{"failed":1,"broken":0,"skipped":0,"passed":0,"unknown":0,"total":1},"items":[{"uid":"5ff166297fdb28fc","status":"failed","statusDetails":"Element not found {By.xpath: //a[text()='Data input']}\r\nExpected: clickable: interactable and enabled\r\nScreenshot: file:/C:/Users/ppava/Documents/SeleniumTests/build/reports/tests/1764343787526.0.png\r\nPage source: file:/C:/Users/ppava/Documents/SeleniumTests/build/reports/tests/1764343787526.0.html\r\nTimeout: 4 s.\r\nCaused by: NoSuchElementException: no such element: Unable to locate element: {\"method\":\"xpath\",\"selector\":\"//a[text()='Data input']\"}","time":{"start":1764343777926,"stop":1764343788298,"duration":10372}}]},"6662f82ec6026ad1165edab699779232":{"statistic":{"failed":1,"broken":0,"skipped":0,"passed":0,"unknown":0,"total":1},"items":[{"uid":"d8806358011fdc90","status":"failed","statusDetails":"Element not found {button[data-test='main-menu-toggle'][data-test-marker='Developer Tools']}\r\nExpected: clickable: interactable and enabled\r\nScreenshot: file:/C:/Users/ppava/Documents/SeleniumTests/build/reports/tests/1763741547154.1.png\r\nPage source: file:/C:/Users/ppava/Documents/SeleniumTests/build/reports/tests/1763741547154.1.html\r\nTimeout: 4 s.\r\nCaused by: NoSuchElementException: no such element: Unable to locate element: {\"method\":\"css selector\",\"selector\":\"button[data-test='main-menu-toggle'][data-test-marker='Developer Tools']\"}","time":{"start":1763741542276,"stop":1763741547381,"duration":5105}}]},"a3e5027e3697897c24056d1eb952677":{"statistic":{"failed":0,"broken":0,"skipped":0,"passed":1,"unknown":0,"total":1},"items":[{"uid":"5adb64832086b239","status":"passed","time":{"start":1763743407005,"stop":1763743410135,"duration":3130}}]},"858327b2bdf36c28831ae30d551315f7":{"statistic":{"failed":0,"broken":0,"skipped":0,"passed":1,"unknown":0,"total":1},"items":[{"uid":"201b41e21177f999","status":"passed","time":{"start":1764346376960,"stop":1764346381817,"duration":4857}}]},"a66deff149617d1ae8ad9e82ace54dee":{"statistic":{"failed":1,"broken":0,"skipped":0,"passed":0,"unknown":0,"total":1},"items":[{"uid":"82140f2b1868b3dd","status":"failed","statusDetails":"Element not found {input[type='search']}\r\nExpected: editable\r\nScreenshot: file:/C:/Users/ppava/Documents/SeleniumTests/build/reports/tests/1764344566297.0.png\r\nPage source: file:/C:/Users/ppava/Documents/SeleniumTests/build/reports/tests/1764344566297.0.html\r\nTimeout: 4 s.\r\nCaused by: NoSuchElementException: no such element: Unable to locate element: {\"method\":\"css selector\",\"selector\":\"input[type='search']\"}","time":{"start":1764344555717,"stop":1764344567251,"duration":11534}}]},"95396dc040d8c02435b397a4bfe94fd8":{"statistic":{"failed":0,"broken":0,"skipped":1,"passed":0,"unknown":0,"total":1},"items":[{"uid":"81402d31eb132f88","status":"skipped","statusDetails":"Use this to debug the page structure","time":{"start":1764345955915,"stop":1764345955920,"duration":5}}]}}